{"clientIP":"::1","dataLength":104,"hostname":"nilay","latency":1,"level":"info","method":"GET","msg":"400","path":"/books","referer":"","statusCode":200,"time":"2020-08-06T22:55:40+05:30","userAgent":"Mozilla/5.0 (X11; Linux x86_64) AppleWebKit/537.36 (KHTML, like Gecko) Chrome/83.0.4103.61 Safari/537.36"}
{"clientIP":"::1","dataLength":0,"hostname":"nilay","latency":1,"level":"warning","method":"GET","msg":"399","path":"/books1","referer":"","statusCode":404,"time":"2020-08-06T22:55:51+05:30","userAgent":"Mozilla/5.0 (X11; Linux x86_64) AppleWebKit/537.36 (KHTML, like Gecko) Chrome/83.0.4103.61 Safari/537.36"}
{"clientIP":"::1","dataLength":104,"hostname":"nilay","latency":1,"level":"info","method":"GET","msg":"400","path":"/books","referer":"","statusCode":200,"time":"2020-08-06T22:55:54+05:30","userAgent":"Mozilla/5.0 (X11; Linux x86_64) AppleWebKit/537.36 (KHTML, like Gecko) Chrome/83.0.4103.61 Safari/537.36"}
{"clientIP":"::1","dataLength":0,"hostname":"nilay","latency":1,"level":"warning","method":"GET","msg":"399","path":"/books1","referer":"","statusCode":404,"time":"2020-08-06T22:56:08+05:30","userAgent":"Mozilla/5.0 (X11; Linux x86_64) AppleWebKit/537.36 (KHTML, like Gecko) Chrome/83.0.4103.61 Safari/537.36"}
{"clientIP":"::1","dataLength":104,"hostname":"nilay","latency":1,"level":"info","method":"GET","msg":"400","path":"/books","referer":"","statusCode":200,"time":"2020-08-06T22:56:12+05:30","userAgent":"Mozilla/5.0 (X11; Linux x86_64) AppleWebKit/537.36 (KHTML, like Gecko) Chrome/83.0.4103.61 Safari/537.36"}
{"clientIP":"::1","dataLength":0,"hostname":"nilay","latency":1,"level":"warning","method":"GET","msg":"399","path":"/books1","referer":"","statusCode":404,"time":"2020-08-06T22:56:46+05:30","userAgent":"Mozilla/5.0 (X11; Linux x86_64) AppleWebKit/537.36 (KHTML, like Gecko) Chrome/83.0.4103.61 Safari/537.36"}
{"clientIP":"::1","dataLength":0,"hostname":"nilay","latency":1,"level":"warning","method":"GET","msg":"399","path":"/books1","referer":"","statusCode":404,"time":"2020-08-06T22:56:55+05:30","userAgent":"Mozilla/5.0 (X11; Linux x86_64) AppleWebKit/537.36 (KHTML, like Gecko) Chrome/83.0.4103.61 Safari/537.36"}
{"clientIP":"::1","dataLength":104,"hostname":"nilay","latency":1,"level":"info","method":"GET","msg":"400","path":"/books","referer":"","statusCode":200,"time":"2020-08-06T22:57:09+05:30","userAgent":"Mozilla/5.0 (X11; Linux x86_64) AppleWebKit/537.36 (KHTML, like Gecko) Chrome/83.0.4103.61 Safari/537.36"}
{"clientIP":"::1","dataLength":172,"hostname":"nilay","latency":1,"level":"info","method":"GET","msg":"400","path":"/books","referer":"","statusCode":200,"time":"2020-08-06T22:57:10+05:30","userAgent":"Mozilla/5.0 (X11; Linux x86_64) AppleWebKit/537.36 (KHTML, like Gecko) Chrome/83.0.4103.61 Safari/537.36"}
{"clientIP":"::1","dataLength":240,"hostname":"nilay","latency":1,"level":"info","method":"GET","msg":"400","path":"/books","referer":"","statusCode":200,"time":"2020-08-06T22:57:13+05:30","userAgent":"Mozilla/5.0 (X11; Linux x86_64) AppleWebKit/537.36 (KHTML, like Gecko) Chrome/83.0.4103.61 Safari/537.36"}
{"clientIP":"::1","dataLength":308,"hostname":"nilay","latency":2,"level":"info","method":"GET","msg":"400","path":"/books","referer":"","statusCode":200,"time":"2020-08-06T22:57:50+05:30","userAgent":"Mozilla/5.0 (X11; Linux x86_64) AppleWebKit/537.36 (KHTML, like Gecko) Chrome/83.0.4103.61 Safari/537.36"}
{"clientIP":"::1","dataLength":0,"hostname":"nilay","latency":1,"level":"warning","method":"GET","msg":"399","path":"/books1","referer":"","statusCode":404,"time":"2020-08-06T22:57:56+05:30","userAgent":"Mozilla/5.0 (X11; Linux x86_64) AppleWebKit/537.36 (KHTML, like Gecko) Chrome/83.0.4103.61 Safari/537.36"}
{"clientIP":"::1","dataLength":376,"hostname":"nilay","latency":1,"level":"info","method":"GET","msg":"400","path":"/books","referer":"","statusCode":200,"time":"2020-08-06T22:57:59+05:30","userAgent":"Mozilla/5.0 (X11; Linux x86_64) AppleWebKit/537.36 (KHTML, like Gecko) Chrome/83.0.4103.61 Safari/537.36"}
{"clientIP":"::1","dataLength":376,"hostname":"nilay","latency":1,"level":"info","method":"GET","msg":"400","path":"/logs","referer":"","statusCode":200,"time":"2020-08-06T23:04:02+05:30","userAgent":"Mozilla/5.0 (X11; Linux x86_64) AppleWebKit/537.36 (KHTML, like Gecko) Chrome/83.0.4103.61 Safari/537.36"}
{"clientIP":"::1","dataLength":11,"hostname":"nilay","latency":1,"level":"info","method":"GET","msg":"400","path":"/logs","referer":"","statusCode":200,"time":"2020-08-06T23:05:06+05:30","userAgent":"Mozilla/5.0 (X11; Linux x86_64) AppleWebKit/537.36 (KHTML, like Gecko) Chrome/83.0.4103.61 Safari/537.36"}
{"clientIP":"::1","dataLength":0,"hostname":"nilay","latency":1,"level":"warning","method":"GET","msg":"399","path":"/","referer":"","statusCode":404,"time":"2020-08-06T23:05:18+05:30","userAgent":"Mozilla/5.0 (X11; Linux x86_64) AppleWebKit/537.36 (KHTML, like Gecko) Chrome/83.0.4103.61 Safari/537.36"}
{"clientIP":"::1","dataLength":61,"hostname":"nilay","latency":1,"level":"info","method":"GET","msg":"400","path":"/logs","referer":"","statusCode":200,"time":"2020-08-06T23:05:20+05:30","userAgent":"Mozilla/5.0 (X11; Linux x86_64) AppleWebKit/537.36 (KHTML, like Gecko) Chrome/83.0.4103.61 Safari/537.36"}
{"clientIP":"::2","dataLength":0,"hostname":"nilay","latency":1,"level":"warning","method":"GET","msg":"399","path":"/","referer":"","statusCode":404,"time":"2020-08-06T23:05:24+05:30","userAgent":"Mozilla/5.0 (X11; Linux x86_64) AppleWebKit/537.36 (KHTML, like Gecko) Chrome/83.0.4103.61 Safari/537.36"}
{"clientIP":"::3","dataLength":0,"hostname":"nilay","latency":1,"level":"warning","method":"GET","msg":"399","path":"/","referer":"","statusCode":404,"time":"2020-08-06T23:05:24+05:30","userAgent":"Mozilla/5.0 (X11; Linux x86_64) AppleWebKit/537.36 (KHTML, like Gecko) Chrome/83.0.4103.61 Safari/537.36"}
{"clientIP":"::4","dataLength":0,"hostname":"nilay","latency":1,"level":"warning","method":"GET","msg":"399","path":"/","referer":"","statusCode":404,"time":"2020-08-06T23:05:24+05:30","userAgent":"Mozilla/5.0 (X11; Linux x86_64) AppleWebKit/537.36 (KHTML, like Gecko) Chrome/83.0.4103.61 Safari/537.36"}
{"clientIP":"::1","dataLength":0,"hostname":"nilay","latency":1,"level":"warning","method":"GET","msg":"399","path":"/ping","referer":"","statusCode":404,"time":"2020-08-09T02:24:04+05:30","userAgent":"Mozilla/5.0 (X11; Linux x86_64) AppleWebKit/537.36 (KHTML, like Gecko) Chrome/83.0.4103.61 Safari/537.36"}
{"clientIP":"::1","dataLength":0,"hostname":"nilay","latency":1,"level":"warning","method":"GET","msg":"399","path":"/favicon.ico","referer":"http://localhost:8080/ping","statusCode":404,"time":"2020-08-09T02:24:05+05:30","userAgent":"Mozilla/5.0 (X11; Linux x86_64) AppleWebKit/537.36 (KHTML, like Gecko) Chrome/83.0.4103.61 Safari/537.36"}
{"clientIP":"::3","dataLength":0,"hostname":"nilay","latency":1,"level":"warning","method":"GET","msg":"399","path":"/ping","referer":"","statusCode":404,"time":"2020-08-09T02:24:17+05:30","userAgent":"Mozilla/5.0 (X11; Linux x86_64) AppleWebKit/537.36 (KHTML, like Gecko) Chrome/83.0.4103.61 Safari/537.36"}
{"clientIP":"::1","dataLength":0,"hostname":"nilay","latency":1,"level":"warning","method":"GET","msg":"399","path":"/ping","referer":"","statusCode":404,"time":"2020-08-09T02:27:50+05:30","userAgent":"Mozilla/5.0 (X11; Linux x86_64) AppleWebKit/537.36 (KHTML, like Gecko) Chrome/83.0.4103.61 Safari/537.36"}
{"clientIP":"::1","dataLength":104,"hostname":"nilay","latency":10,"level":"info","method":"POST","msg":"400","path":"/logconfig","referer":"","statusCode":200,"time":"2020-08-09T03:02:25+05:30","userAgent":"PostmanRuntime/7.26.2"}
{"clientIP":"::1","dataLength":106,"hostname":"nilay","latency":1,"level":"info","method":"GET","msg":"400","path":"/logconfiglist","referer":"","statusCode":200,"time":"2020-08-09T03:04:17+05:30","userAgent":"PostmanRuntime/7.26.2"}
{"clientIP":"::1","dataLength":677,"hostname":"nilay","latency":1,"level":"info","method":"GET","msg":"400","path":"/logs","referer":"","statusCode":200,"time":"2020-08-09T03:04:39+05:30","userAgent":"PostmanRuntime/7.26.2"}
{"clientIP":"::1","dataLength":117,"hostname":"nilay","latency":10,"level":"info","method":"POST","msg":"400","path":"/logconfig","referer":"","statusCode":200,"time":"2020-08-09T03:14:48+05:30","userAgent":"PostmanRuntime/7.26.2"}
{"clientIP":"::1","dataLength":859,"hostname":"nilay","latency":1,"level":"info","method":"GET","msg":"400","path":"/logs","referer":"","statusCode":200,"time":"2020-08-09T03:15:02+05:30","userAgent":"PostmanRuntime/7.26.2"}
{"clientIP":"::1","dataLength":228,"hostname":"nilay","latency":1,"level":"info","method":"GET","msg":"400","path":"/logconfiglist","referer":"","statusCode":200,"time":"2020-08-09T03:15:05+05:30","userAgent":"PostmanRuntime/7.26.2"}
{"clientIP":"::1","dataLength":117,"hostname":"nilay","latency":10,"level":"info","method":"POST","msg":"400","path":"/logconfig","referer":"","statusCode":200,"time":"2020-08-09T03:15:43+05:30","userAgent":"PostmanRuntime/7.26.2"}
{"clientIP":"::1","dataLength":117,"hostname":"nilay","latency":16,"level":"info","method":"POST","msg":"400","path":"/logconfig","referer":"","statusCode":200,"time":"2020-08-09T03:16:27+05:30","userAgent":"PostmanRuntime/7.26.2"}
{"clientIP":"::1","dataLength":119,"hostname":"nilay","latency":14,"level":"info","method":"POST","msg":"400","path":"/logconfig","referer":"","statusCode":200,"time":"2020-08-09T03:16:35+05:30","userAgent":"PostmanRuntime/7.26.2"}
{"clientIP":"::1","dataLength":4123,"hostname":"nilay","latency":1,"level":"info","method":"GET","msg":"400","path":"/logs","referer":"","statusCode":200,"time":"2020-08-09T03:48:22+05:30","userAgent":"PostmanRuntime/7.26.2"}
{"clientIP":"::1","dataLength":17464,"hostname":"nilay","latency":2,"level":"info","method":"GET","msg":"400","path":"/logs","referer":"","statusCode":200,"time":"2020-08-09T03:49:45+05:30","userAgent":"PostmanRuntime/7.26.2"}
{"clientIP":"::1","dataLength":119,"hostname":"nilay","latency":1,"level":"info","method":"GET","msg":"400","path":"/logconfiglist","referer":"","statusCode":200,"time":"2020-08-09T03:55:02+05:30","userAgent":"PostmanRuntime/7.26.2"}
{"clientIP":"::1","dataLength":121,"hostname":"nilay","latency":1,"level":"info","method":"GET","msg":"400","path":"/logconfiglist","referer":"","statusCode":200,"time":"2020-08-09T03:55:38+05:30","userAgent":"PostmanRuntime/7.26.2"}
{"clientIP":"::1","dataLength":161,"hostname":"nilay","latency":1,"level":"info","method":"GET","msg":"400","path":"/logconfiglist","referer":"","statusCode":200,"time":"2020-08-09T03:58:20+05:30","userAgent":"PostmanRuntime/7.26.2"}
{"clientIP":"::1","dataLength":13,"hostname":"nilay","latency":1,"level":"info","method":"GET","msg":"400","path":"/logconfiglist","referer":"","statusCode":200,"time":"2020-08-09T04:02:31+05:30","userAgent":"PostmanRuntime/7.26.2"}
{"clientIP":"::1","dataLength":557,"hostname":"nilay","latency":1,"level":"info","method":"GET","msg":"400","path":"/logconfiglist","referer":"","statusCode":200,"time":"2020-08-09T04:02:44+05:30","userAgent":"PostmanRuntime/7.26.2"}
{"clientIP":"::1","dataLength":117,"hostname":"nilay","latency":1,"level":"info","method":"GET","msg":"400","path":"/logconfiglist","referer":"","statusCode":200,"time":"2020-08-09T04:03:08+05:30","userAgent":"PostmanRuntime/7.26.2"}
{"clientIP":"::1","dataLength":18,"hostname":"nilay","latency":1,"level":"info","method":"GET","msg":"400","path":"/logconfiglist","referer":"","statusCode":200,"time":"2020-08-09T04:03:26+05:30","userAgent":"PostmanRuntime/7.26.2"}
{"clientIP":"::1","dataLength":124,"hostname":"nilay","latency":8,"level":"info","method":"POST","msg":"400","path":"/logconfig","referer":"","statusCode":200,"time":"2020-08-09T04:05:14+05:30","userAgent":"PostmanRuntime/7.26.2"}
{"clientIP":"::1","dataLength":99,"hostname":"nilay","latency":1,"level":"warning","method":"POST","msg":"399","path":"/logconfig","referer":"","statusCode":400,"time":"2020-08-09T04:18:45+05:30","userAgent":"PostmanRuntime/7.26.2"}
{"clientIP":"::1","dataLength":127,"hostname":"nilay","latency":13,"level":"info","method":"POST","msg":"400","path":"/logconfig","referer":"","statusCode":200,"time":"2020-08-09T04:21:31+05:30","userAgent":"PostmanRuntime/7.26.2"}
{"clientIP":"::1","dataLength":23,"hostname":"nilay","latency":1,"level":"info","method":"GET","msg":"400","path":"/logconfiglist","referer":"","statusCode":200,"time":"2020-08-09T04:34:34+05:30","userAgent":"PostmanRuntime/7.26.2"}
{"clientIP":"::1","dataLength":23,"hostname":"nilay","latency":1,"level":"info","method":"GET","msg":"400","path":"/logconfiglist","referer":"","statusCode":200,"time":"2020-08-09T04:34:42+05:30","userAgent":"PostmanRuntime/7.26.2"}
{"clientIP":"::1","dataLength":129,"hostname":"nilay","latency":1,"level":"info","method":"GET","msg":"400","path":"/logconfiglist","referer":"","statusCode":200,"time":"2020-08-09T04:36:21+05:30","userAgent":"PostmanRuntime/7.26.2"}
{"clientIP":"::1","dataLength":122,"hostname":"nilay","latency":16,"level":"info","method":"POST","msg":"400","path":"/logconfig","referer":"","statusCode":200,"time":"2020-08-09T04:36:41+05:30","userAgent":"PostmanRuntime/7.26.2"}
{"clientIP":"::1","dataLength":127,"hostname":"nilay","latency":16,"level":"info","method":"POST","msg":"400","path":"/logconfig","referer":"","statusCode":200,"time":"2020-08-09T04:38:49+05:30","userAgent":"PostmanRuntime/7.26.2"}
{"clientIP":"::1","dataLength":122,"hostname":"nilay","latency":16,"level":"info","method":"POST","msg":"400","path":"/logconfig","referer":"","statusCode":200,"time":"2020-08-09T04:39:45+05:30","userAgent":"PostmanRuntime/7.26.2"}
{"clientIP":"::1","dataLength":127,"hostname":"nilay","latency":11,"level":"info","method":"POST","msg":"400","path":"/logconfig","referer":"","statusCode":200,"time":"2020-08-09T04:41:13+05:30","userAgent":"PostmanRuntime/7.26.2"}
{"clientIP":"::1","dataLength":127,"hostname":"nilay","latency":9,"level":"info","method":"POST","msg":"400","path":"/logconfig","referer":"","statusCode":200,"time":"2020-08-09T04:41:31+05:30","userAgent":"PostmanRuntime/7.26.2"}
{"clientIP":"::1","dataLength":122,"hostname":"nilay","latency":6,"level":"info","method":"POST","msg":"400","path":"/logconfig","referer":"","statusCode":200,"time":"2020-08-09T04:42:56+05:30","userAgent":"PostmanRuntime/7.26.2"}
{"clientIP":"::1","dataLength":122,"hostname":"nilay","latency":9,"level":"info","method":"POST","msg":"400","path":"/logconfig","referer":"","statusCode":200,"time":"2020-08-09T04:43:24+05:30","userAgent":"PostmanRuntime/7.26.2"}
{"clientIP":"::1","dataLength":0,"hostname":"nilay","latency":1,"level":"warning","method":"GET","msg":"399","path":"/","referer":"","statusCode":404,"time":"2020-10-26T14:46:36+05:30","userAgent":"Mozilla/5.0 (X11; Linux x86_64) AppleWebKit/537.36 (KHTML, like Gecko) Chrome/85.0.4183.121 Safari/537.36"}
